# JRE version: Java(TM) SE Runtime Environment (8.0_60-b27) (build 1.8.0_60-b27)
# Java VM: Java HotSpot(TM) 64-Bit Server VM (25.60-b23 mixed mode windows-amd64 compressed oops)
Heap:
 PSYoungGen      total 238592K, used 40703K [0x00000000eab00000, 0x00000000fad80000, 0x0000000100000000)
  eden space 218624K, 15% used [0x00000000eab00000,0x00000000ecb78020,0x00000000f8080000)
  from space 19968K, 37% used [0x00000000f9a00000,0x00000000fa147e18,0x00000000fad80000)
  to   space 23040K, 0% used [0x00000000f8080000,0x00000000f8080000,0x00000000f9700000)
 ParOldGen       total 105984K, used 51730K [0x00000000c0000000, 0x00000000c6780000, 0x00000000eab00000)
  object space 105984K, 48% used [0x00000000c0000000,0x00000000c3284b80,0x00000000c6780000)
 Metaspace       used 67330K, capacity 70002K, committed 70144K, reserved 1110016K
  class space    used 8371K, capacity 8867K, committed 8960K, reserved 1048576K
GC Heap History (10 events):
Event: 524.725 GC heap before
{Heap before GC invocations=31 (full 5):
 PSYoungGen      total 201728K, used 194315K [0x00000000eab00000, 0x00000000f9680000, 0x0000000100000000)
  eden space 181248K, 100% used [0x00000000eab00000,0x00000000f5c00000,0x00000000f5c00000)
  from space 20480K, 63% used [0x00000000f5c00000,0x00000000f68c2fb0,0x00000000f7000000)
  to   space 20992K, 0% used [0x00000000f8200000,0x00000000f8200000,0x00000000f9680000)
 ParOldGen       total 105984K, used 50327K [0x00000000c0000000, 0x00000000c6780000, 0x00000000eab00000)
  object space 105984K, 47% used [0x00000000c0000000,0x00000000c3125d28,0x00000000c6780000)
 Metaspace       used 65863K, capacity 67838K, committed 68096K, reserved 1107968K
  class space    used 8236K, capacity 8665K, committed 8704K, reserved 1048576K
Event: 524.759 GC heap after
Heap after GC invocations=31 (full 5):
 PSYoungGen      total 219136K, used 14651K [0x00000000eab00000, 0x00000000f9900000, 0x0000000100000000)
  eden space 198144K, 0% used [0x00000000eab00000,0x00000000eab00000,0x00000000f6c80000)
  from space 20992K, 69% used [0x00000000f8200000,0x00000000f904ef60,0x00000000f9680000)
  to   space 22016K, 0% used [0x00000000f6c80000,0x00000000f6c80000,0x00000000f8200000)
 ParOldGen       total 105984K, used 50335K [0x00000000c0000000, 0x00000000c6780000, 0x00000000eab00000)
  object space 105984K, 47% used [0x00000000c0000000,0x00000000c3127d28,0x00000000c6780000)
 Metaspace       used 65863K, capacity 67838K, committed 68096K, reserved 1107968K
  class space    used 8236K, capacity 8665K, committed 8704K, reserved 1048576K
}
Event: 536.352 GC heap before
{Heap before GC invocations=32 (full 5):
 PSYoungGen      total 219136K, used 212795K [0x00000000eab00000, 0x00000000f9900000, 0x0000000100000000)
  eden space 198144K, 100% used [0x00000000eab00000,0x00000000f6c80000,0x00000000f6c80000)
  from space 20992K, 69% used [0x00000000f8200000,0x00000000f904ef60,0x00000000f9680000)
  to   space 22016K, 0% used [0x00000000f6c80000,0x00000000f6c80000,0x00000000f8200000)
 ParOldGen       total 105984K, used 50335K [0x00000000c0000000, 0x00000000c6780000, 0x00000000eab00000)
  object space 105984K, 47% used [0x00000000c0000000,0x00000000c3127d28,0x00000000c6780000)
 Metaspace       used 66183K, capacity 68256K, committed 68352K, reserved 1110016K
  class space    used 8266K, capacity 8696K, committed 8704K, reserved 1048576K
Event: 536.383 GC heap after
Heap after GC invocations=32 (full 5):
 PSYoungGen      total 220160K, used 21984K [0x00000000eab00000, 0x00000000fab80000, 0x0000000100000000)
  eden space 198144K, 0% used [0x00000000eab00000,0x00000000eab00000,0x00000000f6c80000)
  from space 22016K, 99% used [0x00000000f6c80000,0x00000000f81f8008,0x00000000f8200000)
  to   space 25600K, 0% used [0x00000000f9280000,0x00000000f9280000,0x00000000fab80000)
 ParOldGen       total 105984K, used 51706K [0x00000000c0000000, 0x00000000c6780000, 0x00000000eab00000)
  object space 105984K, 48% used [0x00000000c0000000,0x00000000c327eb80,0x00000000c6780000)
 Metaspace       used 66183K, capacity 68256K, committed 68352K, reserved 1110016K
  class space    used 8266K, capacity 8696K, committed 8704K, reserved 1048576K
}
Event: 559.312 GC heap before
{Heap before GC invocations=33 (full 5):
 PSYoungGen      total 220160K, used 220128K [0x00000000eab00000, 0x00000000fab80000, 0x0000000100000000)
  eden space 198144K, 100% used [0x00000000eab00000,0x00000000f6c80000,0x00000000f6c80000)
  from space 22016K, 99% used [0x00000000f6c80000,0x00000000f81f8008,0x00000000f8200000)
  to   space 25600K, 0% used [0x00000000f9280000,0x00000000f9280000,0x00000000fab80000)
 ParOldGen       total 105984K, used 51706K [0x00000000c0000000, 0x00000000c6780000, 0x00000000eab00000)
  object space 105984K, 48% used [0x00000000c0000000,0x00000000c327eb80,0x00000000c6780000)
 Metaspace       used 66623K, capacity 68918K, committed 69248K, reserved 1110016K
  class space    used 8305K, capacity 8757K, committed 8832K, reserved 1048576K
Event: 559.328 GC heap after
Heap after GC invocations=33 (full 5):
 PSYoungGen      total 230912K, used 10143K [0x00000000eab00000, 0x00000000fa780000, 0x0000000100000000)
  eden space 209408K, 0% used [0x00000000eab00000,0x00000000eab00000,0x00000000f7780000)
  from space 21504K, 47% used [0x00000000f9280000,0x00000000f9c67c30,0x00000000fa780000)
  to   space 24576K, 0% used [0x00000000f7780000,0x00000000f7780000,0x00000000f8f80000)
 ParOldGen       total 105984K, used 51714K [0x00000000c0000000, 0x00000000c6780000, 0x00000000eab00000)
  object space 105984K, 48% used [0x00000000c0000000,0x00000000c3280b80,0x00000000c6780000)
 Metaspace       used 66623K, capacity 68918K, committed 69248K, reserved 1110016K
  class space    used 8305K, capacity 8757K, committed 8832K, reserved 1048576K
}
Event: 563.256 GC heap before
{Heap before GC invocations=34 (full 5):
 PSYoungGen      total 230912K, used 219551K [0x00000000eab00000, 0x00000000fa780000, 0x0000000100000000)
  eden space 209408K, 100% used [0x00000000eab00000,0x00000000f7780000,0x00000000f7780000)
  from space 21504K, 47% used [0x00000000f9280000,0x00000000f9c67c30,0x00000000fa780000)
  to   space 24576K, 0% used [0x00000000f7780000,0x00000000f7780000,0x00000000f8f80000)
 ParOldGen       total 105984K, used 51714K [0x00000000c0000000, 0x00000000c6780000, 0x00000000eab00000)
  object space 105984K, 48% used [0x00000000c0000000,0x00000000c3280b80,0x00000000c6780000)
 Metaspace       used 66923K, capacity 69274K, committed 69504K, reserved 1110016K
  class space    used 8310K, capacity 8763K, committed 8832K, reserved 1048576K
Event: 563.275 GC heap after
Heap after GC invocations=34 (full 5):
 PSYoungGen      total 233984K, used 8794K [0x00000000eab00000, 0x00000000fb100000, 0x0000000100000000)
  eden space 209408K, 0% used [0x00000000eab00000,0x00000000eab00000,0x00000000f7780000)
  from space 24576K, 35% used [0x00000000f7780000,0x00000000f8016958,0x00000000f8f80000)
  to   space 23552K, 0% used [0x00000000f9a00000,0x00000000f9a00000,0x00000000fb100000)
 ParOldGen       total 105984K, used 51722K [0x00000000c0000000, 0x00000000c6780000, 0x00000000eab00000)
  object space 105984K, 48% used [0x00000000c0000000,0x00000000c3282b80,0x00000000c6780000)
 Metaspace       used 66923K, capacity 69274K, committed 69504K, reserved 1110016K
  class space    used 8310K, capacity 8763K, committed 8832K, reserved 1048576K
}
Event: 602.897 GC heap before
{Heap before GC invocations=35 (full 5):
 PSYoungGen      total 233984K, used 218202K [0x00000000eab00000, 0x00000000fb100000, 0x0000000100000000)
  eden space 209408K, 100% used [0x00000000eab00000,0x00000000f7780000,0x00000000f7780000)
  from space 24576K, 35% used [0x00000000f7780000,0x00000000f8016958,0x00000000f8f80000)
  to   space 23552K, 0% used [0x00000000f9a00000,0x00000000f9a00000,0x00000000fb100000)
 ParOldGen       total 105984K, used 51722K [0x00000000c0000000, 0x00000000c6780000, 0x00000000eab00000)
  object space 105984K, 48% used [0x00000000c0000000,0x00000000c3282b80,0x00000000c6780000)
 Metaspace       used 67058K, capacity 69510K, committed 69760K, reserved 1110016K
  class space    used 8326K, capacity 8785K, committed 8832K, reserved 1048576K
Event: 602.907 GC heap after
Heap after GC invocations=35 (full 5):
 PSYoungGen      total 238592K, used 7455K [0x00000000eab00000, 0x00000000fad80000, 0x0000000100000000)
  eden space 218624K, 0% used [0x00000000eab00000,0x00000000eab00000,0x00000000f8080000)
  from space 19968K, 37% used [0x00000000f9a00000,0x00000000fa147e18,0x00000000fad80000)
  to   space 23040K, 0% used [0x00000000f8080000,0x00000000f8080000,0x00000000f9700000)
 ParOldGen       total 105984K, used 51730K [0x00000000c0000000, 0x00000000c6780000, 0x00000000eab00000)
  object space 105984K, 48% used [0x00000000c0000000,0x00000000c3284b80,0x00000000c6780000)
 Metaspace       used 67058K, capacity 69510K, committed 69760K, reserved 1110016K
  class space    used 8326K, capacity 8785K, committed 8832K, reserved 1048576K
}

